<?xml version="1.0" encoding="UTF-8"?>
<!-- Generated by org.testng.reporters.JUnitReportReporter -->
<testsuite skipped="0" hostname="WTSELVSE112038L" name="com.cafeTownSend.Runner.TestRunner" tests="4" failures="0" timestamp="23 Jul 2020 16:40:30 GMT" time="56.758" errors="0">
  <testcase name="feature" time="17.194" classname="com.cafeTownSend.Runner.TestRunner"/>
  <testcase name="feature" time="14.534" classname="com.cafeTownSend.Runner.TestRunner"/>
  <testcase name="feature" time="10.611" classname="com.cafeTownSend.Runner.TestRunner"/>
  <testcase name="feature" time="14.419" classname="com.cafeTownSend.Runner.TestRunner"/>
</testsuite> <!-- com.cafeTownSend.Runner.TestRunner -->
