<?xml version="1.0" encoding="UTF-8"?>
<!-- Generated by org.testng.reporters.JUnitReportReporter -->
<testsuite skipped="0" hostname="WTSELVSE112038L" name="com.cafeTownSend.Runner.TestRunner" tests="4" failures="0" timestamp="23 jul 2020 17:39:15 GMT" time="56.982" errors="0">
  <testcase name="feature" time="10.357" classname="com.cafeTownSend.Runner.TestRunner"/>
  <testcase name="feature" time="17.393" classname="com.cafeTownSend.Runner.TestRunner"/>
  <testcase name="feature" time="14.673" classname="com.cafeTownSend.Runner.TestRunner"/>
  <testcase name="feature" time="14.559" classname="com.cafeTownSend.Runner.TestRunner"/>
</testsuite> <!-- com.cafeTownSend.Runner.TestRunner -->
